2023-02-19 09:22:31,917 [INFO ] step_definitions.common_step_definition [main] Instantiation the commonutils
2023-02-19 09:22:31,948 [INFO ] step_definitions.common_step_definition [main] Launch Browser
2023-02-19 09:22:39,470 [INFO ] step_definitions.common_step_definition [main] Instantiation the commonutils
2023-02-19 09:22:39,471 [INFO ] step_definitions.common_step_definition [main] Launch Browser
2023-02-19 09:22:43,270 [INFO ] step_definitions.common_step_definition [main] Instantiation the commonutils
2023-02-19 09:22:43,271 [INFO ] step_definitions.common_step_definition [main] Launch Browser
2023-02-19 09:22:43,952 [INFO ] step_definitions.common_step_definition [main] Instantiation the commonutils
2023-02-19 09:22:43,953 [INFO ] step_definitions.common_step_definition [main] Launch Browser
2023-02-19 09:24:15,626 [INFO ] step_definitions.common_step_definition [main] Instantiation the commonutils
2023-02-19 09:24:15,635 [INFO ] step_definitions.common_step_definition [main] Launch Browser
2023-02-19 09:24:21,481 [INFO ] step_definitions.common_step_definition [main] Instantiation the commonutils
2023-02-19 09:24:21,482 [INFO ] step_definitions.common_step_definition [main] Launch Browser
2023-02-19 09:24:25,128 [INFO ] step_definitions.common_step_definition [main] Instantiation the commonutils
2023-02-19 09:24:25,129 [INFO ] step_definitions.common_step_definition [main] Launch Browser
2023-02-19 09:24:25,494 [INFO ] step_definitions.common_step_definition [main] Instantiation the commonutils
2023-02-19 09:24:25,495 [INFO ] step_definitions.common_step_definition [main] Launch Browser
2023-02-19 10:12:38,823 [INFO ] step_definitions.common_step_definition [main] Instantiation the commonutils
2023-02-19 10:12:38,833 [INFO ] step_definitions.common_step_definition [main] Launch Browser
2023-02-19 10:12:45,583 [INFO ] step_definitions.common_step_definition [main] Instantiation the commonutils
2023-02-19 10:12:45,584 [INFO ] step_definitions.common_step_definition [main] Launch Browser
2023-02-19 10:12:49,766 [INFO ] step_definitions.common_step_definition [main] Instantiation the commonutils
2023-02-19 10:12:49,768 [INFO ] step_definitions.common_step_definition [main] Launch Browser
2023-02-19 10:12:50,824 [INFO ] step_definitions.common_step_definition [main] Instantiation the commonutils
2023-02-19 10:12:50,825 [INFO ] step_definitions.common_step_definition [main] Launch Browser
2023-02-19 10:25:33,636 [INFO ] step_definitions.common_step_definition [main] Instantiation the commonutils
2023-02-19 10:25:33,651 [INFO ] step_definitions.common_step_definition [main] Launch Browser
2023-02-19 10:25:39,980 [INFO ] step_definitions.common_step_definition [main] Instantiation the commonutils
2023-02-19 10:25:39,982 [INFO ] step_definitions.common_step_definition [main] Launch Browser
2023-02-19 10:25:43,920 [INFO ] step_definitions.common_step_definition [main] Instantiation the commonutils
2023-02-19 10:25:43,922 [INFO ] step_definitions.common_step_definition [main] Launch Browser
2023-02-19 10:25:44,518 [INFO ] step_definitions.common_step_definition [main] Instantiation the commonutils
2023-02-19 10:25:44,518 [INFO ] step_definitions.common_step_definition [main] Launch Browser
2023-02-19 10:30:31,201 [INFO ] step_definitions.common_step_definition [main] Instantiation the commonutils
2023-02-19 10:30:31,208 [INFO ] step_definitions.common_step_definition [main] Launch Browser
2023-02-19 10:30:36,267 [INFO ] step_definitions.common_step_definition [main] Instantiation the commonutils
2023-02-19 10:30:36,267 [INFO ] step_definitions.common_step_definition [main] Launch Browser
2023-02-19 10:30:40,099 [INFO ] step_definitions.common_step_definition [main] Instantiation the commonutils
2023-02-19 10:30:40,099 [INFO ] step_definitions.common_step_definition [main] Launch Browser
2023-02-19 10:30:40,846 [INFO ] step_definitions.common_step_definition [main] Instantiation the commonutils
2023-02-19 10:30:40,847 [INFO ] step_definitions.common_step_definition [main] Launch Browser
2023-02-19 10:35:54,091 [INFO ] step_definitions.common_step_definition [main] Instantiation the commonutils
2023-02-19 10:35:54,102 [INFO ] step_definitions.common_step_definition [main] Launch Browser
2023-02-19 10:35:59,308 [INFO ] step_definitions.common_step_definition [main] Instantiation the commonutils
2023-02-19 10:35:59,309 [INFO ] step_definitions.common_step_definition [main] Launch Browser
2023-02-19 10:36:03,167 [INFO ] step_definitions.common_step_definition [main] Instantiation the commonutils
2023-02-19 10:36:03,169 [INFO ] step_definitions.common_step_definition [main] Launch Browser
2023-02-19 10:36:04,162 [INFO ] step_definitions.common_step_definition [main] Instantiation the commonutils
2023-02-19 10:36:04,163 [INFO ] step_definitions.common_step_definition [main] Launch Browser
2023-02-19 10:38:07,811 [INFO ] step_definitions.common_step_definition [main] Instantiation the commonutils
2023-02-19 10:38:07,819 [INFO ] step_definitions.common_step_definition [main] Launch Browser
2023-02-19 10:38:12,933 [INFO ] step_definitions.common_step_definition [main] Instantiation the commonutils
2023-02-19 10:38:12,934 [INFO ] step_definitions.common_step_definition [main] Launch Browser
2023-02-19 10:38:16,795 [INFO ] step_definitions.common_step_definition [main] Instantiation the commonutils
2023-02-19 10:38:16,796 [INFO ] step_definitions.common_step_definition [main] Launch Browser
2023-02-19 10:38:17,470 [INFO ] step_definitions.common_step_definition [main] Instantiation the commonutils
2023-02-19 10:38:17,474 [INFO ] step_definitions.common_step_definition [main] Launch Browser
2023-02-19 10:45:39,623 [INFO ] step_definitions.common_step_definition [main] Instantiation the commonutils
2023-02-19 10:45:39,632 [INFO ] step_definitions.common_step_definition [main] Launch Browser
2023-02-19 10:45:45,501 [INFO ] step_definitions.common_step_definition [main] Instantiation the commonutils
2023-02-19 10:45:45,505 [INFO ] step_definitions.common_step_definition [main] Launch Browser
2023-02-19 10:45:49,388 [INFO ] step_definitions.common_step_definition [main] Instantiation the commonutils
2023-02-19 10:45:49,390 [INFO ] step_definitions.common_step_definition [main] Launch Browser
2023-02-19 10:45:50,201 [INFO ] step_definitions.common_step_definition [main] Instantiation the commonutils
2023-02-19 10:45:50,204 [INFO ] step_definitions.common_step_definition [main] Launch Browser
2023-02-19 10:50:32,044 [INFO ] step_definitions.common_step_definition [main] Instantiation the commonutils
2023-02-19 10:50:32,048 [INFO ] step_definitions.common_step_definition [main] Launch Browser
2023-02-19 10:50:34,988 [INFO ] step_definitions.common_step_definition [main] Instantiation the commonutils
2023-02-19 10:50:34,988 [INFO ] step_definitions.common_step_definition [main] Launch Browser
2023-02-19 10:50:38,459 [INFO ] step_definitions.common_step_definition [main] Instantiation the commonutils
2023-02-19 10:50:38,460 [INFO ] step_definitions.common_step_definition [main] Launch Browser
2023-02-19 10:50:38,752 [INFO ] step_definitions.common_step_definition [main] Instantiation the commonutils
2023-02-19 10:50:38,753 [INFO ] step_definitions.common_step_definition [main] Launch Browser
2023-02-19 10:50:39,186 [INFO ] step_definitions.common_step_definition [main] Instantiation the commonutils
2023-02-19 10:50:39,186 [INFO ] step_definitions.common_step_definition [main] Launch Browser
2023-02-19 10:50:39,197 [INFO ] step_definitions.Registration_Stepdef [main] The user opens RegPage Page
2023-02-19 10:50:39,300 [INFO ] step_definitions.Registration_Stepdef [main] The user do not enter any values
2023-02-19 10:50:39,410 [INFO ] step_definitions.Registration_Stepdef [main] Error message is displayed Please fill out this field. an error below Username textbox
2023-02-19 10:50:39,479 [INFO ] step_definitions.common_step_definition [main] Instantiation the commonutils
2023-02-19 10:50:39,479 [INFO ] step_definitions.common_step_definition [main] Launch Browser
2023-02-19 10:50:39,489 [INFO ] step_definitions.Registration_Stepdef [main] The user opens RegPage Page
2023-02-19 10:50:39,591 [INFO ] step_definitions.Registration_Stepdef [main] The user enter valid username with other fields empty
2023-02-19 10:50:39,751 [INFO ] step_definitions.Registration_Stepdef [main] Error message is displayed Please fill out this field. an error below Password textbox
2023-02-19 10:50:39,808 [INFO ] step_definitions.common_step_definition [main] Instantiation the commonutils
2023-02-19 10:50:39,809 [INFO ] step_definitions.common_step_definition [main] Launch Browser
2023-02-19 10:50:39,817 [INFO ] step_definitions.Registration_Stepdef [main] The user opens RegPage Page
2023-02-19 10:50:40,082 [INFO ] step_definitions.Registration_Stepdef [main] Error message is displayed Please fill out this field. an error below Username textbox
2023-02-19 10:50:40,128 [INFO ] step_definitions.common_step_definition [main] Instantiation the commonutils
2023-02-19 10:50:40,129 [INFO ] step_definitions.common_step_definition [main] Launch Browser
2023-02-19 10:50:40,139 [INFO ] step_definitions.Registration_Stepdef [main] The user opens RegPage Page
2023-02-19 10:50:40,541 [INFO ] step_definitions.Registration_Stepdef [main] Expected Error message is as : Please enter a valid username
2023-02-19 10:50:40,568 [INFO ] step_definitions.Registration_Stepdef [main] Error message is displayed as : password_mismatch:The two password fields didn’t match.
2023-02-19 10:50:40,584 [INFO ] step_definitions.common_step_definition [main] Instantiation the commonutils
2023-02-19 10:50:40,584 [INFO ] step_definitions.common_step_definition [main] Launch Browser
2023-02-19 10:50:40,592 [INFO ] step_definitions.Registration_Stepdef [main] The user opens RegPage Page
2023-02-19 10:50:41,000 [INFO ] step_definitions.Registration_Stepdef [main] Expected Error message is as : password_mismatch:The two password fields didn’t match.
2023-02-19 10:50:41,029 [INFO ] step_definitions.Registration_Stepdef [main] Error message is displayed as : password_mismatch:The two password fields didn’t match.
2023-02-19 10:50:41,049 [INFO ] step_definitions.common_step_definition [main] Instantiation the commonutils
2023-02-19 10:50:41,049 [INFO ] step_definitions.common_step_definition [main] Launch Browser
2023-02-19 10:50:41,058 [INFO ] step_definitions.Registration_Stepdef [main] The user opens RegPage Page
2023-02-19 10:50:41,542 [INFO ] step_definitions.Registration_Stepdef [main] Expected Error message is as : Password should contain at least 8 characters
2023-02-19 10:50:41,572 [INFO ] step_definitions.Registration_Stepdef [main] Error message is displayed as : password_mismatch:The two password fields didn’t match.
2023-02-19 10:50:41,586 [INFO ] step_definitions.common_step_definition [main] Instantiation the commonutils
2023-02-19 10:50:41,587 [INFO ] step_definitions.common_step_definition [main] Launch Browser
2023-02-19 10:50:41,596 [INFO ] step_definitions.Registration_Stepdef [main] The user opens RegPage Page
2023-02-19 10:50:42,117 [INFO ] step_definitions.Registration_Stepdef [main] Expected Error message is as : Password can’t be entirely numeric.
2023-02-19 10:50:42,148 [INFO ] step_definitions.Registration_Stepdef [main] Error message is displayed as : password_mismatch:The two password fields didn’t match.
2023-02-19 10:50:42,170 [INFO ] step_definitions.common_step_definition [main] Instantiation the commonutils
2023-02-19 10:50:42,171 [INFO ] step_definitions.common_step_definition [main] Launch Browser
2023-02-19 10:50:42,178 [INFO ] step_definitions.Registration_Stepdef [main] The user opens RegPage Page
2023-02-19 10:50:42,702 [INFO ] step_definitions.Registration_Stepdef [main] Expected Error message is as : password can’t be too similar to your other personal information.
2023-02-19 10:50:42,734 [INFO ] step_definitions.Registration_Stepdef [main] Error message is displayed as : password_mismatch:The two password fields didn’t match.
2023-02-19 10:50:42,749 [INFO ] step_definitions.common_step_definition [main] Instantiation the commonutils
2023-02-19 10:50:42,750 [INFO ] step_definitions.common_step_definition [main] Launch Browser
2023-02-19 10:50:42,758 [INFO ] step_definitions.Registration_Stepdef [main] The user opens RegPage Page
2023-02-19 10:50:43,322 [INFO ] step_definitions.Registration_Stepdef [main] Expected Error message is as : Password can’t be commonly used password
2023-02-19 10:50:43,351 [INFO ] step_definitions.Registration_Stepdef [main] Error message is displayed as : password_mismatch:The two password fields didn’t match.
2023-02-19 10:50:43,370 [INFO ] step_definitions.common_step_definition [main] Instantiation the commonutils
2023-02-19 10:50:43,371 [INFO ] step_definitions.common_step_definition [main] Launch Browser
2023-02-19 10:50:43,379 [INFO ] step_definitions.Registration_Stepdef [main] The user opens RegPage Page
2023-02-19 10:50:43,875 [INFO ] step_definitions.Registration_Stepdef [main] User redirected to Homepage 
2023-02-19 10:50:43,884 [INFO ] step_definitions.Registration_Stepdef [main] Title of current page is : Registration
2023-02-19 10:50:43,903 [INFO ] step_definitions.common_step_definition [main] Instantiation the commonutils
2023-02-19 10:50:43,903 [INFO ] step_definitions.common_step_definition [main] Launch Browser
2023-02-19 10:50:43,912 [INFO ] step_definitions.Registration_Stepdef [main] The user opens RegPage Page
2023-02-19 10:50:44,425 [INFO ] step_definitions.Registration_Stepdef [main] Expected Error message is as : Username already exists
2023-02-19 10:50:44,455 [INFO ] step_definitions.Registration_Stepdef [main] Error message is displayed as : password_mismatch:The two password fields didn’t match.
2023-02-19 10:50:44,515 [INFO ] step_definitions.common_step_definition [main] Instantiation the commonutils
2023-02-19 10:50:44,516 [INFO ] step_definitions.common_step_definition [main] Launch Browser
2023-02-19 10:50:44,518 [INFO ] step_definitions.Signin_stepdef [main] Test_suit_signin01
2023-02-19 10:50:44,636 [INFO ] step_definitions.Signin_stepdef [main] User in signin page
2023-02-19 10:50:44,692 [INFO ] step_definitions.Signin_stepdef [main] User entered xx as username
2023-02-19 10:50:44,768 [INFO ] step_definitions.Signin_stepdef [main] User entered YY as pwd
2023-02-19 10:50:45,071 [INFO ] step_definitions.Signin_stepdef [main] User clicks on sigin button
2023-02-19 10:50:45,097 [INFO ] step_definitions.common_step_definition [main] Instantiation the commonutils
2023-02-19 10:50:45,097 [INFO ] step_definitions.common_step_definition [main] Launch Browser
2023-02-19 10:50:45,098 [INFO ] step_definitions.Signin_stepdef [main] Test_suit_signin02
2023-02-19 10:50:45,198 [INFO ] step_definitions.Signin_stepdef [main] User in signin page
2023-02-19 10:50:45,249 [INFO ] step_definitions.Signin_stepdef [main] User is in signin page
2023-02-19 10:50:45,266 [INFO ] step_definitions.common_step_definition [main] Instantiation the commonutils
2023-02-19 10:50:45,267 [INFO ] step_definitions.common_step_definition [main] Launch Browser
2023-02-19 10:50:45,267 [INFO ] step_definitions.Signin_stepdef [main] Test_suit_signin03
2023-02-19 10:50:45,378 [INFO ] step_definitions.Signin_stepdef [main] User in signin page
2023-02-19 10:50:45,433 [INFO ] step_definitions.Signin_stepdef [main] User is in signin page
2023-02-19 10:50:45,455 [INFO ] step_definitions.common_step_definition [main] Instantiation the commonutils
2023-02-19 10:50:45,456 [INFO ] step_definitions.common_step_definition [main] Launch Browser
2023-02-19 10:50:45,456 [INFO ] step_definitions.Signin_stepdef [main] Test_suit_signin04
2023-02-19 10:50:45,584 [INFO ] step_definitions.Signin_stepdef [main] User in signin page
2023-02-19 10:50:45,634 [INFO ] step_definitions.Signin_stepdef [main] User is in signin page
2023-02-19 10:50:45,652 [INFO ] step_definitions.common_step_definition [main] Instantiation the commonutils
2023-02-19 10:50:45,652 [INFO ] step_definitions.common_step_definition [main] Launch Browser
2023-02-19 10:50:46,613 [INFO ] step_definitions.Datastructure_Stepdef [main] User logged in sucessfully
2023-02-19 10:50:48,852 [INFO ] step_definitions.Datastructure_Stepdef [main] User click Timecomplexity page
2023-02-19 10:50:50,020 [INFO ] step_definitions.common_step_definition [main] Instantiation the commonutils
2023-02-19 10:50:50,021 [INFO ] step_definitions.common_step_definition [main] Launch Browser
2023-02-19 10:50:50,969 [INFO ] step_definitions.Datastructure_Stepdef [main] User logged in sucessfully
2023-02-19 10:50:51,150 [INFO ] step_definitions.Datastructure_Stepdef [main] User clicked the Time Complexity page link
2023-02-19 10:50:51,757 [INFO ] step_definitions.Datastructure_Stepdef [main] User clicked Time complexity in Dspage
2023-02-19 10:50:51,765 [INFO ] step_definitions.Datastructure_Stepdef [main] send text to editor print('dsalgo project test')
2023-02-19 10:50:52,454 [INFO ] step_definitions.Datastructure_Stepdef [main] Arraylist count :3
2023-02-19 10:50:53,289 [INFO ] step_definitions.common_step_definition [main] Instantiation the commonutils
2023-02-19 10:50:53,290 [INFO ] step_definitions.common_step_definition [main] Launch Browser
2023-02-19 10:50:56,308 [INFO ] step_definitions.Array_Stepdef [main] User logged in sucessfully
2023-02-19 10:50:56,802 [INFO ] step_definitions.Array_Stepdef [main] User clicked Arrays in Python
2023-02-19 10:50:56,810 [INFO ] step_definitions.Array_Stepdef [main] User in page arrays-in-python
2023-02-19 10:50:57,026 [INFO ] step_definitions.common_step_definition [main] Instantiation the commonutils
2023-02-19 10:50:57,026 [INFO ] step_definitions.common_step_definition [main] Launch Browser
2023-02-19 10:50:57,859 [INFO ] step_definitions.Array_Stepdef [main] User logged in sucessfully
2023-02-19 10:50:58,009 [INFO ] step_definitions.Array_Stepdef [main] User clicked Arrays in Python
2023-02-19 10:50:58,649 [INFO ] step_definitions.Array_Stepdef [main] User in tryEditor page
2023-02-19 10:50:58,928 [INFO ] step_definitions.common_step_definition [main] Instantiation the commonutils
2023-02-19 10:50:58,928 [INFO ] step_definitions.common_step_definition [main] Launch Browser
2023-02-19 10:51:01,860 [INFO ] step_definitions.Array_Stepdef [main] User logged in sucessfully
2023-02-19 10:51:02,083 [INFO ] step_definitions.Array_Stepdef [main] User clicked Arrays using List
2023-02-19 10:51:02,229 [INFO ] step_definitions.common_step_definition [main] Instantiation the commonutils
2023-02-19 10:51:02,229 [INFO ] step_definitions.common_step_definition [main] Launch Browser
2023-02-19 10:51:03,111 [INFO ] step_definitions.Array_Stepdef [main] User logged in sucessfully
2023-02-19 10:51:03,286 [INFO ] step_definitions.Array_Stepdef [main] User clicked Arrays using List
2023-02-19 10:51:03,951 [INFO ] step_definitions.Array_Stepdef [main] User in tryEditor page
2023-02-19 10:51:04,206 [INFO ] step_definitions.common_step_definition [main] Instantiation the commonutils
2023-02-19 10:51:04,207 [INFO ] step_definitions.common_step_definition [main] Launch Browser
2023-02-19 10:51:07,120 [INFO ] step_definitions.Array_Stepdef [main] User logged in sucessfully
2023-02-19 10:51:07,346 [INFO ] step_definitions.Array_Stepdef [main] User clicked Basic Operations in List
2023-02-19 10:51:07,354 [INFO ] step_definitions.Array_Stepdef [main] User in page basic-operations-in-lists
2023-02-19 10:51:07,574 [INFO ] step_definitions.common_step_definition [main] Instantiation the commonutils
2023-02-19 10:51:07,575 [INFO ] step_definitions.common_step_definition [main] Launch Browser
2023-02-19 10:51:08,423 [INFO ] step_definitions.Array_Stepdef [main] User logged in sucessfully
2023-02-19 10:51:08,615 [INFO ] step_definitions.Array_Stepdef [main] User clicked Basic Operations in List page link
2023-02-19 10:51:09,255 [INFO ] step_definitions.Array_Stepdef [main] User in tryEditor page
2023-02-19 10:51:09,499 [INFO ] step_definitions.common_step_definition [main] Instantiation the commonutils
2023-02-19 10:51:09,499 [INFO ] step_definitions.common_step_definition [main] Launch Browser
2023-02-19 10:51:12,468 [INFO ] step_definitions.Array_Stepdef [main] User logged in sucessfully
2023-02-19 10:51:12,682 [INFO ] step_definitions.Array_Stepdef [main] User clicked Applications of Array
2023-02-19 10:51:12,691 [INFO ] step_definitions.Array_Stepdef [main] User in page applications-of-array
2023-02-19 10:51:12,895 [INFO ] step_definitions.common_step_definition [main] Instantiation the commonutils
2023-02-19 10:51:12,895 [INFO ] step_definitions.common_step_definition [main] Launch Browser
2023-02-19 10:51:13,745 [INFO ] step_definitions.Array_Stepdef [main] User logged in sucessfully
2023-02-19 10:51:13,925 [INFO ] step_definitions.Array_Stepdef [main] User clicked Applications of Array page link
2023-02-19 10:51:14,591 [INFO ] step_definitions.Array_Stepdef [main] User in tryEditor page
2023-02-19 10:51:14,847 [INFO ] step_definitions.common_step_definition [main] Instantiation the commonutils
2023-02-19 10:51:14,847 [INFO ] step_definitions.common_step_definition [main] Launch Browser
2023-02-19 10:51:17,781 [INFO ] step_definitions.Array_Stepdef [main] User logged in sucessfully
2023-02-19 10:51:18,137 [INFO ] step_definitions.Array_Stepdef [main] User clicked Practice Questions
2023-02-19 10:51:18,145 [INFO ] step_definitions.Array_Stepdef [main] User in page practice
2023-02-19 10:51:18,354 [INFO ] step_definitions.common_step_definition [main] Instantiation the commonutils
2023-02-19 10:51:18,354 [INFO ] step_definitions.common_step_definition [main] Launch Browser
2023-02-19 10:51:19,263 [INFO ] step_definitions.Array_Stepdef [main] User logged in sucessfully
2023-02-19 10:51:19,419 [INFO ] step_definitions.Array_Stepdef [main] User clicked Applications of Array page link
2023-02-19 10:51:19,572 [INFO ] step_definitions.Array_Stepdef [main] User clicked practice question page
2023-02-19 10:51:19,856 [INFO ] step_definitions.Array_Stepdef [main] User clicked Search the array link
2023-02-19 10:51:19,864 [INFO ] step_definitions.Array_Stepdef [main] User in question page
2023-02-19 10:51:19,864 [INFO ] step_definitions.Array_Stepdef [main] send text to editor print('dsalgo project test')
2023-02-19 10:51:19,884 [INFO ] step_definitions.Array_Stepdef [main] Arraylist count :3
2023-02-19 10:51:20,073 [INFO ] step_definitions.common_step_definition [main] Instantiation the commonutils
2023-02-19 10:51:20,073 [INFO ] step_definitions.common_step_definition [main] Launch Browser
2023-02-19 10:51:20,933 [INFO ] step_definitions.Array_Stepdef [main] User logged in sucessfully
2023-02-19 10:51:21,119 [INFO ] step_definitions.Array_Stepdef [main] User clicked Applications of Array page link
2023-02-19 10:51:21,288 [INFO ] step_definitions.Array_Stepdef [main] User clicked practice question page
2023-02-19 10:51:21,530 [INFO ] step_definitions.Array_Stepdef [main] User clicked Max Consecutive Ones link
2023-02-19 10:51:21,536 [INFO ] step_definitions.Array_Stepdef [main] User in question page
2023-02-19 10:51:21,536 [INFO ] step_definitions.Array_Stepdef [main] send text to editor print('dsalgo project test')
2023-02-19 10:51:21,557 [INFO ] step_definitions.Array_Stepdef [main] Arraylist count :3
2023-02-19 10:51:21,737 [INFO ] step_definitions.common_step_definition [main] Instantiation the commonutils
2023-02-19 10:51:21,738 [INFO ] step_definitions.common_step_definition [main] Launch Browser
2023-02-19 10:51:22,618 [INFO ] step_definitions.Array_Stepdef [main] User logged in sucessfully
2023-02-19 10:51:22,801 [INFO ] step_definitions.Array_Stepdef [main] User clicked Applications of Array page link
2023-02-19 10:51:22,973 [INFO ] step_definitions.Array_Stepdef [main] User clicked practice question page
2023-02-19 10:51:23,209 [INFO ] step_definitions.Array_Stepdef [main] User clicked Find Numbers with Even Number of Digits link
2023-02-19 10:51:23,217 [INFO ] step_definitions.Array_Stepdef [main] User in question page
2023-02-19 10:51:23,217 [INFO ] step_definitions.Array_Stepdef [main] send text to editor print('dsalgo project test')
2023-02-19 10:51:23,238 [INFO ] step_definitions.Array_Stepdef [main] Arraylist count :3
2023-02-19 10:51:23,440 [INFO ] step_definitions.common_step_definition [main] Instantiation the commonutils
2023-02-19 10:51:23,440 [INFO ] step_definitions.common_step_definition [main] Launch Browser
2023-02-19 10:51:24,340 [INFO ] step_definitions.Array_Stepdef [main] User logged in sucessfully
2023-02-19 10:51:24,508 [INFO ] step_definitions.Array_Stepdef [main] User clicked Applications of Array page link
2023-02-19 10:51:24,695 [INFO ] step_definitions.Array_Stepdef [main] User clicked practice question page
2023-02-19 10:51:24,911 [INFO ] step_definitions.Array_Stepdef [main] User clicked Squares of a Sorted Array link
2023-02-19 10:51:24,919 [INFO ] step_definitions.Array_Stepdef [main] User in question page
2023-02-19 10:51:24,919 [INFO ] step_definitions.Array_Stepdef [main] send text to editor print('dsalgo project test')
2023-02-19 10:51:24,939 [INFO ] step_definitions.Array_Stepdef [main] Arraylist count :3
2023-02-19 10:51:25,147 [INFO ] step_definitions.common_step_definition [main] Instantiation the commonutils
2023-02-19 10:51:25,147 [INFO ] step_definitions.common_step_definition [main] Launch Browser
2023-02-19 10:51:28,185 [INFO ] step_definitions.Linkedlist_stepdef [main] User logged in to sucessfully
2023-02-19 10:51:28,394 [INFO ] step_definitions.Linkedlist_stepdef [main] User clicked Introduction
2023-02-19 10:51:28,425 [INFO ] step_definitions.common_step_definition [main] Instantiation the commonutils
2023-02-19 10:51:28,425 [INFO ] step_definitions.common_step_definition [main] Launch Browser
2023-02-19 10:51:29,392 [INFO ] step_definitions.Linkedlist_stepdef [main] User logged in to sucessfully
2023-02-19 10:51:29,578 [INFO ] step_definitions.Linkedlist_stepdef [main] User clicked Introduction Page in LL
2023-02-19 10:51:30,622 [INFO ] step_definitions.common_step_definition [main] Instantiation the commonutils
2023-02-19 10:51:30,622 [INFO ] step_definitions.common_step_definition [main] Launch Browser
2023-02-19 10:51:33,536 [INFO ] step_definitions.Linkedlist_stepdef [main] User logged in to sucessfully
2023-02-19 10:51:33,728 [INFO ] step_definitions.Linkedlist_stepdef [main] User clicked Creating Linked List
2023-02-19 10:51:33,752 [INFO ] step_definitions.common_step_definition [main] Instantiation the commonutils
2023-02-19 10:51:33,753 [INFO ] step_definitions.common_step_definition [main] Launch Browser
2023-02-19 10:51:34,580 [INFO ] step_definitions.Linkedlist_stepdef [main] User logged in sucessfully
2023-02-19 10:51:34,747 [INFO ] step_definitions.Linkedlist_stepdef [main] User clicked creating linkedlist List
2023-02-19 10:51:35,758 [INFO ] step_definitions.common_step_definition [main] Instantiation the commonutils
2023-02-19 10:51:35,758 [INFO ] step_definitions.common_step_definition [main] Launch Browser
2023-02-19 10:51:38,669 [INFO ] step_definitions.Linkedlist_stepdef [main] User logged in to sucessfully
2023-02-19 10:51:39,050 [INFO ] step_definitions.Linkedlist_stepdef [main] User clicked Types of Linked List 
2023-02-19 10:51:39,074 [INFO ] step_definitions.common_step_definition [main] Instantiation the commonutils
2023-02-19 10:51:39,075 [INFO ] step_definitions.common_step_definition [main] Launch Browser
2023-02-19 10:51:39,949 [INFO ] step_definitions.Linkedlist_stepdef [main] User logged in sucessfully
2023-02-19 10:51:40,198 [INFO ] step_definitions.Linkedlist_stepdef [main] User clicked  Types of Linked List page  link
2023-02-19 10:51:41,131 [INFO ] step_definitions.common_step_definition [main] Instantiation the commonutils
2023-02-19 10:51:41,131 [INFO ] step_definitions.common_step_definition [main] Launch Browser
2023-02-19 10:51:44,017 [INFO ] step_definitions.Linkedlist_stepdef [main] User logged in to sucessfully
2023-02-19 10:51:44,227 [INFO ] step_definitions.Linkedlist_stepdef [main] User clicked Implement Linked List in Python
2023-02-19 10:51:44,252 [INFO ] step_definitions.common_step_definition [main] Instantiation the commonutils
2023-02-19 10:51:44,252 [INFO ] step_definitions.common_step_definition [main] Launch Browser
2023-02-19 10:51:45,098 [INFO ] step_definitions.Linkedlist_stepdef [main] User logged in sucessfully
2023-02-19 10:51:45,255 [INFO ] step_definitions.Linkedlist_stepdef [main] User clicked implement Linked List in Python page link
2023-02-19 10:51:46,158 [INFO ] step_definitions.common_step_definition [main] Instantiation the commonutils
2023-02-19 10:51:46,159 [INFO ] step_definitions.common_step_definition [main] Launch Browser
2023-02-19 10:51:49,065 [INFO ] step_definitions.Linkedlist_stepdef [main] User logged in to sucessfully
2023-02-19 10:51:49,264 [INFO ] step_definitions.Linkedlist_stepdef [main] User clicked Traversal
2023-02-19 10:51:49,289 [INFO ] step_definitions.common_step_definition [main] Instantiation the commonutils
2023-02-19 10:51:49,289 [INFO ] step_definitions.common_step_definition [main] Launch Browser
2023-02-19 10:51:50,145 [INFO ] step_definitions.Linkedlist_stepdef [main] User logged in sucessfully
2023-02-19 10:51:50,313 [INFO ] step_definitions.Linkedlist_stepdef [main] User clicked Traversal  page link
2023-02-19 10:51:51,207 [INFO ] step_definitions.common_step_definition [main] Instantiation the commonutils
2023-02-19 10:51:51,207 [INFO ] step_definitions.common_step_definition [main] Launch Browser
2023-02-19 10:51:54,109 [INFO ] step_definitions.Linkedlist_stepdef [main] User logged in to sucessfully
2023-02-19 10:51:54,458 [INFO ] step_definitions.Linkedlist_stepdef [main] User clicked Insertion
2023-02-19 10:51:54,479 [INFO ] step_definitions.common_step_definition [main] Instantiation the commonutils
2023-02-19 10:51:54,479 [INFO ] step_definitions.common_step_definition [main] Launch Browser
2023-02-19 10:51:55,369 [INFO ] step_definitions.Linkedlist_stepdef [main] User logged in sucessfully
2023-02-19 10:51:55,553 [INFO ] step_definitions.Linkedlist_stepdef [main] User clicked Insertion  page link
2023-02-19 10:51:56,451 [INFO ] step_definitions.common_step_definition [main] Instantiation the commonutils
2023-02-19 10:51:56,451 [INFO ] step_definitions.common_step_definition [main] Launch Browser
2023-02-19 10:51:57,370 [INFO ] step_definitions.Linkedlist_stepdef [main] User logged in sucessfully
2023-02-19 10:51:57,535 [INFO ] step_definitions.Linkedlist_stepdef [main] User clicked Insertion  page link
2023-02-19 10:51:57,886 [INFO ] step_definitions.Linkedlist_stepdef [main] User clicked Deletion
2023-02-19 10:51:57,910 [INFO ] step_definitions.common_step_definition [main] Instantiation the commonutils
2023-02-19 10:51:57,911 [INFO ] step_definitions.common_step_definition [main] Launch Browser
2023-02-19 10:51:58,839 [INFO ] step_definitions.Linkedlist_stepdef [main] User logged in sucessfully
2023-02-19 10:51:59,053 [INFO ] step_definitions.Linkedlist_stepdef [main] User clicked Deletion  page link
2023-02-19 10:51:59,680 [INFO ] step_definitions.Linkedlist_stepdef [main] send text to editor print('dsalgo project test')
2023-02-19 10:51:59,697 [INFO ] step_definitions.Linkedlist_stepdef [main] Arraylist count :3
2023-02-19 10:52:00,172 [INFO ] step_definitions.common_step_definition [main] Instantiation the commonutils
2023-02-19 10:52:00,173 [INFO ] step_definitions.common_step_definition [main] Launch Browser
2023-02-19 10:52:04,187 [INFO ] step_definitions.Stack_stepdef [main] The user is in Stack page
2023-02-19 10:52:04,198 [INFO ] step_definitions.common_step_definition [main] Instantiation the commonutils
2023-02-19 10:52:04,199 [INFO ] step_definitions.common_step_definition [main] Launch Browser
2023-02-19 10:52:05,222 [INFO ] step_definitions.Stack_stepdef [main] The user is in Stack page
2023-02-19 10:52:05,223 [INFO ] step_definitions.Stack_stepdef [main] Title of current page is : Stack
2023-02-19 10:52:05,465 [INFO ] step_definitions.Stack_stepdef [main] The user should redirected to operations in stack page
2023-02-19 10:52:05,480 [INFO ] step_definitions.common_step_definition [main] Instantiation the commonutils
2023-02-19 10:52:05,480 [INFO ] step_definitions.common_step_definition [main] Launch Browser
2023-02-19 10:52:06,507 [INFO ] step_definitions.Stack_stepdef [main] Title of current page is : Operations in Stack
2023-02-19 10:52:06,745 [INFO ] step_definitions.Stack_stepdef [main] The user is in the tryeditor page
2023-02-19 10:52:07,773 [INFO ] step_definitions.Stack_stepdef [main] Title of current page is :Assessment
2023-02-19 10:52:10,807 [INFO ] step_definitions.Stack_stepdef [main] Arraylist count :3
2023-02-19 10:52:10,968 [INFO ] step_definitions.Stack_stepdef [main] Actual result  :hello
2023-02-19 10:52:10,976 [INFO ] step_definitions.common_step_definition [main] Instantiation the commonutils
2023-02-19 10:52:10,976 [INFO ] step_definitions.common_step_definition [main] Launch Browser
2023-02-19 10:52:13,191 [INFO ] step_definitions.Stack_stepdef [main] Arraylist count :3
2023-02-19 10:52:13,310 [INFO ] step_definitions.Stack_stepdef [main] Invalid code when clicked on run button
2023-02-19 10:52:15,326 [INFO ] step_definitions.Stack_stepdef [main] Error message for invalid python code isNameError: name 'hello' is not defined on line 1
2023-02-19 10:52:15,336 [INFO ] step_definitions.common_step_definition [main] Instantiation the commonutils
2023-02-19 10:52:15,336 [INFO ] step_definitions.common_step_definition [main] Launch Browser
2023-02-19 10:52:17,695 [INFO ] step_definitions.Stack_stepdef [main] The user is in the Implementation page
2023-02-19 10:52:17,706 [INFO ] step_definitions.common_step_definition [main] Instantiation the commonutils
2023-02-19 10:52:17,707 [INFO ] step_definitions.common_step_definition [main] Launch Browser
2023-02-19 10:52:18,725 [INFO ] step_definitions.Stack_stepdef [main] Title of current page is : Implementation
2023-02-19 10:52:19,953 [INFO ] step_definitions.Stack_stepdef [main] Title of current page is :Assessment
2023-02-19 10:52:19,966 [INFO ] step_definitions.Stack_stepdef [main] Arraylist count :3
2023-02-19 10:52:20,120 [INFO ] step_definitions.Stack_stepdef [main] Actual result  :hello
2023-02-19 10:52:20,127 [INFO ] step_definitions.common_step_definition [main] Instantiation the commonutils
2023-02-19 10:52:20,127 [INFO ] step_definitions.common_step_definition [main] Launch Browser
2023-02-19 10:52:22,334 [INFO ] step_definitions.Stack_stepdef [main] Arraylist count :3
2023-02-19 10:52:22,454 [INFO ] step_definitions.Stack_stepdef [main] Invalid code when clicked on run button
2023-02-19 10:52:24,483 [INFO ] step_definitions.Stack_stepdef [main] Error message for invalid python code isNameError: name 'hello' is not defined on line 1
2023-02-19 10:52:24,501 [INFO ] step_definitions.common_step_definition [main] Instantiation the commonutils
2023-02-19 10:52:24,502 [INFO ] step_definitions.common_step_definition [main] Launch Browser
2023-02-19 10:52:26,842 [INFO ] step_definitions.Stack_stepdef [main] The user is on the applications page
2023-02-19 10:52:26,851 [INFO ] step_definitions.common_step_definition [main] Instantiation the commonutils
2023-02-19 10:52:26,851 [INFO ] step_definitions.common_step_definition [main] Launch Browser
2023-02-19 10:52:27,877 [INFO ] step_definitions.Stack_stepdef [main] Title of current page is : Applications
2023-02-19 10:52:29,146 [INFO ] step_definitions.Stack_stepdef [main] Title of current page is :Assessment
2023-02-19 10:52:29,158 [INFO ] step_definitions.Stack_stepdef [main] Arraylist count :3
2023-02-19 10:52:29,318 [INFO ] step_definitions.Stack_stepdef [main] Actual result  :hello
2023-02-19 10:52:29,325 [INFO ] step_definitions.common_step_definition [main] Instantiation the commonutils
2023-02-19 10:52:29,326 [INFO ] step_definitions.common_step_definition [main] Launch Browser
2023-02-19 10:52:31,526 [INFO ] step_definitions.Stack_stepdef [main] Arraylist count :3
2023-02-19 10:52:31,648 [INFO ] step_definitions.Stack_stepdef [main] Invalid code when clicked on run button
2023-02-19 10:52:33,659 [INFO ] step_definitions.Stack_stepdef [main] Error message for invalid python code isNameError: name 'hello' is not defined on line 1
2023-02-19 10:52:33,670 [INFO ] step_definitions.common_step_definition [main] Instantiation the commonutils
2023-02-19 10:52:33,670 [INFO ] step_definitions.common_step_definition [main] Launch Browser
2023-02-19 10:52:33,973 [INFO ] step_definitions.Stack_stepdef [main] The user is in the practice questions page
2023-02-19 10:52:33,990 [INFO ] step_definitions.common_step_definition [main] Instantiation the commonutils
2023-02-19 10:52:33,990 [INFO ] step_definitions.common_step_definition [main] Launch Browser
2023-02-19 10:52:36,991 [INFO ] step_definitions.common_step_definition [main] Instantiation the commonutils
2023-02-19 10:52:36,991 [INFO ] step_definitions.common_step_definition [main] Launch Browser
2023-02-19 10:52:36,998 [INFO ] step_definitions.Queue_stepdef [main] Title of current page is : Queue
2023-02-19 10:52:38,270 [INFO ] step_definitions.common_step_definition [main] Instantiation the commonutils
2023-02-19 10:52:38,271 [INFO ] step_definitions.common_step_definition [main] Launch Browser
2023-02-19 10:52:38,277 [INFO ] step_definitions.Queue_stepdef [main] Title of current page is :Implementation of Queue in Python
2023-02-19 10:52:39,526 [INFO ] step_definitions.Queue_stepdef [main] Title of current page is :Assessment
2023-02-19 10:52:39,537 [INFO ] step_definitions.Queue_stepdef [main] Arraylist count :3
2023-02-19 10:52:39,689 [INFO ] step_definitions.Queue_stepdef [main] Actual result  :hello
2023-02-19 10:52:39,697 [INFO ] step_definitions.common_step_definition [main] Instantiation the commonutils
2023-02-19 10:52:39,697 [INFO ] step_definitions.common_step_definition [main] Launch Browser
2023-02-19 10:52:39,878 [INFO ] step_definitions.Queue_stepdef [main] Arraylist count invalid :3
2023-02-19 10:52:39,976 [INFO ] step_definitions.Queue_stepdef [main] Invalid code when clicked on run button
2023-02-19 10:52:41,999 [INFO ] step_definitions.Queue_stepdef [main] Error message for invalid python code isNameError: name 'hello' is not defined on line 1
2023-02-19 10:52:42,011 [INFO ] step_definitions.common_step_definition [main] Instantiation the commonutils
2023-02-19 10:52:42,011 [INFO ] step_definitions.common_step_definition [main] Launch Browser
2023-02-19 10:52:44,359 [INFO ] step_definitions.common_step_definition [main] Instantiation the commonutils
2023-02-19 10:52:44,359 [INFO ] step_definitions.common_step_definition [main] Launch Browser
2023-02-19 10:52:44,366 [INFO ] step_definitions.Queue_stepdef [main] Title of current page is Implementation using collections.deque
2023-02-19 10:52:45,580 [INFO ] step_definitions.Queue_stepdef [main] Title of current page is :Assessment
2023-02-19 10:52:45,598 [INFO ] step_definitions.Queue_stepdef [main] Arraylist count :3
2023-02-19 10:52:45,732 [INFO ] step_definitions.Queue_stepdef [main] Actual result  :hello
2023-02-19 10:52:45,742 [INFO ] step_definitions.common_step_definition [main] Instantiation the commonutils
2023-02-19 10:52:45,743 [INFO ] step_definitions.common_step_definition [main] Launch Browser
2023-02-19 10:52:45,932 [INFO ] step_definitions.Queue_stepdef [main] Arraylist count invalid :3
2023-02-19 10:52:46,030 [INFO ] step_definitions.Queue_stepdef [main] Invalid code when clicked on run button
2023-02-19 10:52:48,040 [INFO ] step_definitions.Queue_stepdef [main] Error message for invalid python code isNameError: name 'hello' is not defined on line 1
2023-02-19 10:52:48,051 [INFO ] step_definitions.common_step_definition [main] Instantiation the commonutils
2023-02-19 10:52:48,051 [INFO ] step_definitions.common_step_definition [main] Launch Browser
2023-02-19 10:52:50,417 [INFO ] step_definitions.common_step_definition [main] Instantiation the commonutils
2023-02-19 10:52:50,418 [INFO ] step_definitions.common_step_definition [main] Launch Browser
2023-02-19 10:52:50,424 [INFO ] step_definitions.Queue_stepdef [main] Title of current page is Implementation using array
2023-02-19 10:52:51,640 [INFO ] step_definitions.Queue_stepdef [main] Title of current page is :Assessment
2023-02-19 10:52:51,651 [INFO ] step_definitions.Queue_stepdef [main] Arraylist count :3
2023-02-19 10:52:51,797 [INFO ] step_definitions.Queue_stepdef [main] Actual result  :hello
2023-02-19 10:52:51,806 [INFO ] step_definitions.common_step_definition [main] Instantiation the commonutils
2023-02-19 10:52:51,807 [INFO ] step_definitions.common_step_definition [main] Launch Browser
2023-02-19 10:52:51,987 [INFO ] step_definitions.Queue_stepdef [main] Arraylist count invalid :3
2023-02-19 10:52:52,082 [INFO ] step_definitions.Queue_stepdef [main] Invalid code when clicked on run button
2023-02-19 10:52:54,104 [INFO ] step_definitions.Queue_stepdef [main] Error message for invalid python code isNameError: name 'hello' is not defined on line 1
2023-02-19 10:52:54,118 [INFO ] step_definitions.common_step_definition [main] Instantiation the commonutils
2023-02-19 10:52:54,118 [INFO ] step_definitions.common_step_definition [main] Launch Browser
2023-02-19 10:52:56,491 [INFO ] step_definitions.common_step_definition [main] Instantiation the commonutils
2023-02-19 10:52:56,491 [INFO ] step_definitions.common_step_definition [main] Launch Browser
2023-02-19 10:52:56,497 [INFO ] step_definitions.Queue_stepdef [main] Title of current page is Queue Operations
2023-02-19 10:52:57,757 [INFO ] step_definitions.Queue_stepdef [main] Title of current page is :Assessment
2023-02-19 10:52:57,771 [INFO ] step_definitions.Queue_stepdef [main] Arraylist count :3
2023-02-19 10:52:57,904 [INFO ] step_definitions.Queue_stepdef [main] Actual result  :hello
2023-02-19 10:52:57,912 [INFO ] step_definitions.common_step_definition [main] Instantiation the commonutils
2023-02-19 10:52:57,912 [INFO ] step_definitions.common_step_definition [main] Launch Browser
2023-02-19 10:52:58,101 [INFO ] step_definitions.Queue_stepdef [main] Arraylist count invalid :3
2023-02-19 10:52:58,195 [INFO ] step_definitions.Queue_stepdef [main] Invalid code when clicked on run button
2023-02-19 10:53:00,222 [INFO ] step_definitions.Queue_stepdef [main] Error message for invalid python code isNameError: name 'hello' is not defined on line 1
2023-02-19 10:53:00,242 [INFO ] step_definitions.common_step_definition [main] Instantiation the commonutils
2023-02-19 10:53:00,242 [INFO ] step_definitions.common_step_definition [main] Launch Browser
2023-02-19 10:53:00,586 [INFO ] step_definitions.Queue_stepdef [main] User is in Practice Questions
2023-02-19 10:53:00,599 [INFO ] step_definitions.common_step_definition [main] Instantiation the commonutils
2023-02-19 10:53:00,599 [INFO ] step_definitions.common_step_definition [main] Launch Browser
2023-02-19 10:53:04,651 [INFO ] step_definitions.common_step_definition [main] Instantiation the commonutils
2023-02-19 10:53:04,651 [INFO ] step_definitions.common_step_definition [main] Launch Browser
2023-02-19 10:53:04,658 [INFO ] step_definitions.Graph_stepdef [main] Title of current page is : Graph
2023-02-19 10:53:06,910 [INFO ] step_definitions.common_step_definition [main] Instantiation the commonutils
2023-02-19 10:53:06,911 [INFO ] step_definitions.common_step_definition [main] Launch Browser
2023-02-19 10:53:06,917 [INFO ] step_definitions.Graph_stepdef [main] Title of current page is :Graph
2023-02-19 10:53:09,177 [INFO ] step_definitions.Graph_stepdef [main] Title of current page is :Assessment
2023-02-19 10:53:09,204 [INFO ] step_definitions.Graph_stepdef [main] Arraylist count :3
2023-02-19 10:53:09,359 [INFO ] step_definitions.Graph_stepdef [main] Actual result  :hello
2023-02-19 10:53:09,367 [INFO ] step_definitions.common_step_definition [main] Instantiation the commonutils
2023-02-19 10:53:09,368 [INFO ] step_definitions.common_step_definition [main] Launch Browser
2023-02-19 10:53:09,568 [INFO ] step_definitions.Graph_stepdef [main] Arraylist count invalid :3
2023-02-19 10:53:09,660 [INFO ] step_definitions.Graph_stepdef [main] Invalid code when clicked on run button
2023-02-19 10:53:11,692 [INFO ] step_definitions.Graph_stepdef [main] Error message for invalid python code isNameError: name 'hello' is not defined on line 1
2023-02-19 10:53:11,710 [INFO ] step_definitions.common_step_definition [main] Instantiation the commonutils
2023-02-19 10:53:11,710 [INFO ] step_definitions.common_step_definition [main] Launch Browser
2023-02-19 10:53:14,199 [INFO ] step_definitions.common_step_definition [main] Instantiation the commonutils
2023-02-19 10:53:14,200 [INFO ] step_definitions.common_step_definition [main] Launch Browser
2023-02-19 10:53:14,331 [INFO ] step_definitions.Graph_stepdef [main] Title of current page is Graph Representations
2023-02-19 10:53:16,588 [INFO ] step_definitions.Graph_stepdef [main] Title of current page is :Assessment
2023-02-19 10:53:16,601 [INFO ] step_definitions.Graph_stepdef [main] Arraylist count :3
2023-02-19 10:53:17,748 [INFO ] step_definitions.Graph_stepdef [main] Actual result  :hello
2023-02-19 10:53:17,757 [INFO ] step_definitions.common_step_definition [main] Instantiation the commonutils
2023-02-19 10:53:17,757 [INFO ] step_definitions.common_step_definition [main] Launch Browser
2023-02-19 10:53:17,932 [INFO ] step_definitions.Graph_stepdef [main] Arraylist count invalid :3
2023-02-19 10:53:18,035 [INFO ] step_definitions.Graph_stepdef [main] Invalid code when clicked on run button
2023-02-19 10:53:20,058 [INFO ] step_definitions.Graph_stepdef [main] Error message for invalid python code isNameError: name 'hello' is not defined on line 1
2023-02-19 10:53:20,067 [INFO ] step_definitions.common_step_definition [main] Instantiation the commonutils
2023-02-19 10:53:20,068 [INFO ] step_definitions.common_step_definition [main] Launch Browser
2023-02-19 10:53:20,388 [INFO ] step_definitions.Graph_stepdef [main] User is in Practice Questions
2023-02-19 15:59:29,772 [INFO ] step_definitions.common_step_definition [main] Instantiation the commonutils
2023-02-19 15:59:29,778 [INFO ] step_definitions.common_step_definition [main] Launch Browser
2023-02-19 15:59:33,470 [INFO ] step_definitions.common_step_definition [main] Instantiation the commonutils
2023-02-19 15:59:33,470 [INFO ] step_definitions.common_step_definition [main] Launch Browser
2023-02-19 15:59:37,001 [INFO ] step_definitions.common_step_definition [main] Instantiation the commonutils
2023-02-19 15:59:37,002 [INFO ] step_definitions.common_step_definition [main] Launch Browser
2023-02-19 15:59:37,320 [INFO ] step_definitions.common_step_definition [main] Instantiation the commonutils
2023-02-19 15:59:37,320 [INFO ] step_definitions.common_step_definition [main] Launch Browser
2023-02-19 15:59:37,691 [INFO ] step_definitions.common_step_definition [main] Instantiation the commonutils
2023-02-19 15:59:37,691 [INFO ] step_definitions.common_step_definition [main] Launch Browser
2023-02-19 15:59:37,710 [INFO ] step_definitions.Registration_Stepdef [main] The user opens RegPage Page
2023-02-19 15:59:37,807 [INFO ] step_definitions.Registration_Stepdef [main] The user do not enter any values
2023-02-19 15:59:37,894 [INFO ] step_definitions.Registration_Stepdef [main] Error message is displayed Please fill out this field. an error below Username textbox
2023-02-19 15:59:37,961 [INFO ] step_definitions.common_step_definition [main] Instantiation the commonutils
2023-02-19 15:59:37,962 [INFO ] step_definitions.common_step_definition [main] Launch Browser
2023-02-19 15:59:37,971 [INFO ] step_definitions.Registration_Stepdef [main] The user opens RegPage Page
2023-02-19 15:59:38,077 [INFO ] step_definitions.Registration_Stepdef [main] The user enter valid username with other fields empty
2023-02-19 15:59:38,229 [INFO ] step_definitions.Registration_Stepdef [main] Error message is displayed Please fill out this field. an error below Password textbox
2023-02-19 15:59:38,284 [INFO ] step_definitions.common_step_definition [main] Instantiation the commonutils
2023-02-19 15:59:38,285 [INFO ] step_definitions.common_step_definition [main] Launch Browser
2023-02-19 15:59:38,296 [INFO ] step_definitions.Registration_Stepdef [main] The user opens RegPage Page
2023-02-19 15:59:38,557 [INFO ] step_definitions.Registration_Stepdef [main] Error message is displayed Please fill out this field. an error below Username textbox
2023-02-19 15:59:38,606 [INFO ] step_definitions.common_step_definition [main] Instantiation the commonutils
2023-02-19 15:59:38,606 [INFO ] step_definitions.common_step_definition [main] Launch Browser
2023-02-19 15:59:38,615 [INFO ] step_definitions.Registration_Stepdef [main] The user opens RegPage Page
2023-02-19 15:59:38,992 [INFO ] step_definitions.Registration_Stepdef [main] Expected Error message is as : Please enter a valid username
2023-02-19 15:59:39,021 [INFO ] step_definitions.Registration_Stepdef [main] Error message is displayed as : password_mismatch:The two password fields didn’t match.
2023-02-19 15:59:39,038 [INFO ] step_definitions.common_step_definition [main] Instantiation the commonutils
2023-02-19 15:59:39,038 [INFO ] step_definitions.common_step_definition [main] Launch Browser
2023-02-19 15:59:39,047 [INFO ] step_definitions.Registration_Stepdef [main] The user opens RegPage Page
2023-02-19 15:59:39,451 [INFO ] step_definitions.Registration_Stepdef [main] Expected Error message is as : password_mismatch:The two password fields didn’t match.
2023-02-19 15:59:39,477 [INFO ] step_definitions.Registration_Stepdef [main] Error message is displayed as : password_mismatch:The two password fields didn’t match.
2023-02-19 15:59:39,490 [INFO ] step_definitions.common_step_definition [main] Instantiation the commonutils
2023-02-19 15:59:39,490 [INFO ] step_definitions.common_step_definition [main] Launch Browser
2023-02-19 15:59:39,498 [INFO ] step_definitions.Registration_Stepdef [main] The user opens RegPage Page
2023-02-19 15:59:39,949 [INFO ] step_definitions.Registration_Stepdef [main] Expected Error message is as : Password should contain at least 8 characters
2023-02-19 15:59:39,975 [INFO ] step_definitions.Registration_Stepdef [main] Error message is displayed as : password_mismatch:The two password fields didn’t match.
2023-02-19 15:59:39,988 [INFO ] step_definitions.common_step_definition [main] Instantiation the commonutils
2023-02-19 15:59:39,989 [INFO ] step_definitions.common_step_definition [main] Launch Browser
2023-02-19 15:59:39,996 [INFO ] step_definitions.Registration_Stepdef [main] The user opens RegPage Page
2023-02-19 15:59:40,477 [INFO ] step_definitions.Registration_Stepdef [main] Expected Error message is as : Password can’t be entirely numeric.
2023-02-19 15:59:40,509 [INFO ] step_definitions.Registration_Stepdef [main] Error message is displayed as : password_mismatch:The two password fields didn’t match.
2023-02-19 15:59:40,532 [INFO ] step_definitions.common_step_definition [main] Instantiation the commonutils
2023-02-19 15:59:40,533 [INFO ] step_definitions.common_step_definition [main] Launch Browser
2023-02-19 15:59:40,543 [INFO ] step_definitions.Registration_Stepdef [main] The user opens RegPage Page
2023-02-19 15:59:41,029 [INFO ] step_definitions.Registration_Stepdef [main] Expected Error message is as : password can’t be too similar to your other personal information.
2023-02-19 15:59:41,059 [INFO ] step_definitions.Registration_Stepdef [main] Error message is displayed as : password_mismatch:The two password fields didn’t match.
2023-02-19 15:59:41,078 [INFO ] step_definitions.common_step_definition [main] Instantiation the commonutils
2023-02-19 15:59:41,079 [INFO ] step_definitions.common_step_definition [main] Launch Browser
2023-02-19 15:59:41,087 [INFO ] step_definitions.Registration_Stepdef [main] The user opens RegPage Page
2023-02-19 15:59:41,584 [INFO ] step_definitions.Registration_Stepdef [main] Expected Error message is as : Password can’t be commonly used password
2023-02-19 15:59:41,612 [INFO ] step_definitions.Registration_Stepdef [main] Error message is displayed as : password_mismatch:The two password fields didn’t match.
2023-02-19 15:59:41,627 [INFO ] step_definitions.common_step_definition [main] Instantiation the commonutils
2023-02-19 15:59:41,627 [INFO ] step_definitions.common_step_definition [main] Launch Browser
2023-02-19 15:59:41,635 [INFO ] step_definitions.Registration_Stepdef [main] The user opens RegPage Page
2023-02-19 15:59:42,122 [INFO ] step_definitions.Registration_Stepdef [main] User redirected to Homepage 
2023-02-19 15:59:42,130 [INFO ] step_definitions.Registration_Stepdef [main] Title of current page is : Registration
2023-02-19 15:59:42,146 [INFO ] step_definitions.common_step_definition [main] Instantiation the commonutils
2023-02-19 15:59:42,146 [INFO ] step_definitions.common_step_definition [main] Launch Browser
2023-02-19 15:59:42,156 [INFO ] step_definitions.Registration_Stepdef [main] The user opens RegPage Page
2023-02-19 15:59:42,637 [INFO ] step_definitions.Registration_Stepdef [main] Expected Error message is as : Username already exists
2023-02-19 15:59:42,662 [INFO ] step_definitions.Registration_Stepdef [main] Error message is displayed as : password_mismatch:The two password fields didn’t match.
2023-02-19 15:59:42,705 [INFO ] step_definitions.common_step_definition [main] Instantiation the commonutils
2023-02-19 15:59:42,706 [INFO ] step_definitions.common_step_definition [main] Launch Browser
2023-02-19 15:59:42,708 [INFO ] step_definitions.Signin_stepdef [main] Test_suit_signin01
2023-02-19 15:59:42,821 [INFO ] step_definitions.Signin_stepdef [main] User in signin page
2023-02-19 15:59:42,871 [INFO ] step_definitions.Signin_stepdef [main] User entered xx as username
2023-02-19 15:59:42,940 [INFO ] step_definitions.Signin_stepdef [main] User entered YY as pwd
2023-02-19 15:59:43,227 [INFO ] step_definitions.Signin_stepdef [main] User clicks on sigin button
2023-02-19 15:59:43,250 [INFO ] step_definitions.common_step_definition [main] Instantiation the commonutils
2023-02-19 15:59:43,251 [INFO ] step_definitions.common_step_definition [main] Launch Browser
2023-02-19 15:59:43,251 [INFO ] step_definitions.Signin_stepdef [main] Test_suit_signin02
2023-02-19 15:59:43,339 [INFO ] step_definitions.Signin_stepdef [main] User in signin page
2023-02-19 15:59:43,384 [INFO ] step_definitions.Signin_stepdef [main] User is in signin page
2023-02-19 15:59:43,403 [INFO ] step_definitions.common_step_definition [main] Instantiation the commonutils
2023-02-19 15:59:43,404 [INFO ] step_definitions.common_step_definition [main] Launch Browser
2023-02-19 15:59:43,404 [INFO ] step_definitions.Signin_stepdef [main] Test_suit_signin03
2023-02-19 15:59:43,512 [INFO ] step_definitions.Signin_stepdef [main] User in signin page
2023-02-19 15:59:43,559 [INFO ] step_definitions.Signin_stepdef [main] User is in signin page
2023-02-19 15:59:43,574 [INFO ] step_definitions.common_step_definition [main] Instantiation the commonutils
2023-02-19 15:59:43,574 [INFO ] step_definitions.common_step_definition [main] Launch Browser
2023-02-19 15:59:43,575 [INFO ] step_definitions.Signin_stepdef [main] Test_suit_signin04
2023-02-19 15:59:43,691 [INFO ] step_definitions.Signin_stepdef [main] User in signin page
2023-02-19 15:59:43,741 [INFO ] step_definitions.Signin_stepdef [main] User is in signin page
2023-02-19 15:59:43,755 [INFO ] step_definitions.common_step_definition [main] Instantiation the commonutils
2023-02-19 15:59:43,755 [INFO ] step_definitions.common_step_definition [main] Launch Browser
2023-02-19 15:59:44,708 [INFO ] step_definitions.Datastructure_Stepdef [main] User logged in sucessfully
2023-02-19 15:59:46,981 [INFO ] step_definitions.Datastructure_Stepdef [main] User click Timecomplexity page
2023-02-19 15:59:48,119 [INFO ] step_definitions.common_step_definition [main] Instantiation the commonutils
2023-02-19 15:59:48,120 [INFO ] step_definitions.common_step_definition [main] Launch Browser
2023-02-19 15:59:49,060 [INFO ] step_definitions.Datastructure_Stepdef [main] User logged in sucessfully
2023-02-19 15:59:49,215 [INFO ] step_definitions.Datastructure_Stepdef [main] User clicked the Time Complexity page link
2023-02-19 15:59:49,844 [INFO ] step_definitions.Datastructure_Stepdef [main] User clicked Time complexity in Dspage
2023-02-19 15:59:49,850 [INFO ] step_definitions.Datastructure_Stepdef [main] send text to editor print('dsalgo project test')
2023-02-19 15:59:50,479 [INFO ] step_definitions.Datastructure_Stepdef [main] Arraylist count :3
2023-02-19 15:59:51,319 [INFO ] step_definitions.common_step_definition [main] Instantiation the commonutils
2023-02-19 15:59:51,320 [INFO ] step_definitions.common_step_definition [main] Launch Browser
2023-02-19 15:59:54,302 [INFO ] step_definitions.Array_Stepdef [main] User logged in sucessfully
2023-02-19 15:59:54,641 [INFO ] step_definitions.Array_Stepdef [main] User clicked Arrays in Python
2023-02-19 15:59:54,648 [INFO ] step_definitions.Array_Stepdef [main] User in page arrays-in-python
2023-02-19 15:59:54,875 [INFO ] step_definitions.common_step_definition [main] Instantiation the commonutils
2023-02-19 15:59:54,876 [INFO ] step_definitions.common_step_definition [main] Launch Browser
2023-02-19 15:59:55,710 [INFO ] step_definitions.Array_Stepdef [main] User logged in sucessfully
2023-02-19 15:59:55,868 [INFO ] step_definitions.Array_Stepdef [main] User clicked Arrays in Python
2023-02-19 15:59:56,520 [INFO ] step_definitions.Array_Stepdef [main] User in tryEditor page
2023-02-19 15:59:56,855 [INFO ] step_definitions.common_step_definition [main] Instantiation the commonutils
2023-02-19 15:59:56,856 [INFO ] step_definitions.common_step_definition [main] Launch Browser
2023-02-19 15:59:59,809 [INFO ] step_definitions.Array_Stepdef [main] User logged in sucessfully
2023-02-19 16:00:00,046 [INFO ] step_definitions.Array_Stepdef [main] User clicked Arrays using List
2023-02-19 16:00:00,203 [INFO ] step_definitions.common_step_definition [main] Instantiation the commonutils
2023-02-19 16:00:00,203 [INFO ] step_definitions.common_step_definition [main] Launch Browser
2023-02-19 16:00:01,056 [INFO ] step_definitions.Array_Stepdef [main] User logged in sucessfully
2023-02-19 16:00:01,224 [INFO ] step_definitions.Array_Stepdef [main] User clicked Arrays using List
2023-02-19 16:00:01,957 [INFO ] step_definitions.Array_Stepdef [main] User in tryEditor page
2023-02-19 16:00:02,199 [INFO ] step_definitions.common_step_definition [main] Instantiation the commonutils
2023-02-19 16:00:02,199 [INFO ] step_definitions.common_step_definition [main] Launch Browser
2023-02-19 16:00:05,184 [INFO ] step_definitions.Array_Stepdef [main] User logged in sucessfully
2023-02-19 16:00:05,396 [INFO ] step_definitions.Array_Stepdef [main] User clicked Basic Operations in List
2023-02-19 16:00:05,404 [INFO ] step_definitions.Array_Stepdef [main] User in page basic-operations-in-lists
2023-02-19 16:00:05,623 [INFO ] step_definitions.common_step_definition [main] Instantiation the commonutils
2023-02-19 16:00:05,624 [INFO ] step_definitions.common_step_definition [main] Launch Browser
2023-02-19 16:00:06,485 [INFO ] step_definitions.Array_Stepdef [main] User logged in sucessfully
2023-02-19 16:00:06,643 [INFO ] step_definitions.Array_Stepdef [main] User clicked Basic Operations in List page link
2023-02-19 16:00:07,400 [INFO ] step_definitions.Array_Stepdef [main] User in tryEditor page
2023-02-19 16:00:07,682 [INFO ] step_definitions.common_step_definition [main] Instantiation the commonutils
2023-02-19 16:00:07,682 [INFO ] step_definitions.common_step_definition [main] Launch Browser
2023-02-19 16:00:10,654 [INFO ] step_definitions.Array_Stepdef [main] User logged in sucessfully
2023-02-19 16:00:10,873 [INFO ] step_definitions.Array_Stepdef [main] User clicked Applications of Array
2023-02-19 16:00:10,880 [INFO ] step_definitions.Array_Stepdef [main] User in page applications-of-array
2023-02-19 16:00:11,093 [INFO ] step_definitions.common_step_definition [main] Instantiation the commonutils
2023-02-19 16:00:11,094 [INFO ] step_definitions.common_step_definition [main] Launch Browser
2023-02-19 16:00:11,996 [INFO ] step_definitions.Array_Stepdef [main] User logged in sucessfully
2023-02-19 16:00:12,172 [INFO ] step_definitions.Array_Stepdef [main] User clicked Applications of Array page link
2023-02-19 16:00:12,859 [INFO ] step_definitions.Array_Stepdef [main] User in tryEditor page
2023-02-19 16:00:13,108 [INFO ] step_definitions.common_step_definition [main] Instantiation the commonutils
2023-02-19 16:00:13,109 [INFO ] step_definitions.common_step_definition [main] Launch Browser
2023-02-19 16:00:16,092 [INFO ] step_definitions.Array_Stepdef [main] User logged in sucessfully
2023-02-19 16:00:16,437 [INFO ] step_definitions.Array_Stepdef [main] User clicked Practice Questions
2023-02-19 16:00:16,445 [INFO ] step_definitions.Array_Stepdef [main] User in page practice
2023-02-19 16:00:16,639 [INFO ] step_definitions.common_step_definition [main] Instantiation the commonutils
2023-02-19 16:00:16,639 [INFO ] step_definitions.common_step_definition [main] Launch Browser
2023-02-19 16:00:17,529 [INFO ] step_definitions.Array_Stepdef [main] User logged in sucessfully
2023-02-19 16:00:17,684 [INFO ] step_definitions.Array_Stepdef [main] User clicked Applications of Array page link
2023-02-19 16:00:17,845 [INFO ] step_definitions.Array_Stepdef [main] User clicked practice question page
2023-02-19 16:00:18,191 [INFO ] step_definitions.Array_Stepdef [main] User clicked Search the array link
2023-02-19 16:00:18,198 [INFO ] step_definitions.Array_Stepdef [main] User in question page
2023-02-19 16:00:18,198 [INFO ] step_definitions.Array_Stepdef [main] send text to editor print('dsalgo project test')
2023-02-19 16:00:18,225 [INFO ] step_definitions.Array_Stepdef [main] Arraylist count :3
2023-02-19 16:00:18,409 [INFO ] step_definitions.common_step_definition [main] Instantiation the commonutils
2023-02-19 16:00:18,409 [INFO ] step_definitions.common_step_definition [main] Launch Browser
2023-02-19 16:00:19,248 [INFO ] step_definitions.Array_Stepdef [main] User logged in sucessfully
2023-02-19 16:00:19,411 [INFO ] step_definitions.Array_Stepdef [main] User clicked Applications of Array page link
2023-02-19 16:00:19,581 [INFO ] step_definitions.Array_Stepdef [main] User clicked practice question page
2023-02-19 16:00:19,791 [INFO ] step_definitions.Array_Stepdef [main] User clicked Max Consecutive Ones link
2023-02-19 16:00:19,797 [INFO ] step_definitions.Array_Stepdef [main] User in question page
2023-02-19 16:00:19,797 [INFO ] step_definitions.Array_Stepdef [main] send text to editor print('dsalgo project test')
2023-02-19 16:00:19,817 [INFO ] step_definitions.Array_Stepdef [main] Arraylist count :3
2023-02-19 16:00:19,982 [INFO ] step_definitions.common_step_definition [main] Instantiation the commonutils
2023-02-19 16:00:19,983 [INFO ] step_definitions.common_step_definition [main] Launch Browser
2023-02-19 16:00:20,841 [INFO ] step_definitions.Array_Stepdef [main] User logged in sucessfully
2023-02-19 16:00:21,000 [INFO ] step_definitions.Array_Stepdef [main] User clicked Applications of Array page link
2023-02-19 16:00:21,157 [INFO ] step_definitions.Array_Stepdef [main] User clicked practice question page
2023-02-19 16:00:21,366 [INFO ] step_definitions.Array_Stepdef [main] User clicked Find Numbers with Even Number of Digits link
2023-02-19 16:00:21,373 [INFO ] step_definitions.Array_Stepdef [main] User in question page
2023-02-19 16:00:21,373 [INFO ] step_definitions.Array_Stepdef [main] send text to editor print('dsalgo project test')
2023-02-19 16:00:21,390 [INFO ] step_definitions.Array_Stepdef [main] Arraylist count :3
2023-02-19 16:00:21,549 [INFO ] step_definitions.common_step_definition [main] Instantiation the commonutils
2023-02-19 16:00:21,549 [INFO ] step_definitions.common_step_definition [main] Launch Browser
2023-02-19 16:00:22,434 [INFO ] step_definitions.Array_Stepdef [main] User logged in sucessfully
2023-02-19 16:00:22,600 [INFO ] step_definitions.Array_Stepdef [main] User clicked Applications of Array page link
2023-02-19 16:00:22,785 [INFO ] step_definitions.Array_Stepdef [main] User clicked practice question page
2023-02-19 16:00:22,997 [INFO ] step_definitions.Array_Stepdef [main] User clicked Squares of a Sorted Array link
2023-02-19 16:00:23,004 [INFO ] step_definitions.Array_Stepdef [main] User in question page
2023-02-19 16:00:23,004 [INFO ] step_definitions.Array_Stepdef [main] send text to editor print('dsalgo project test')
2023-02-19 16:00:23,021 [INFO ] step_definitions.Array_Stepdef [main] Arraylist count :3
2023-02-19 16:00:23,199 [INFO ] step_definitions.common_step_definition [main] Instantiation the commonutils
2023-02-19 16:00:23,200 [INFO ] step_definitions.common_step_definition [main] Launch Browser
2023-02-19 16:00:26,188 [INFO ] step_definitions.Linkedlist_stepdef [main] User logged in to sucessfully
2023-02-19 16:00:26,421 [INFO ] step_definitions.Linkedlist_stepdef [main] User clicked Introduction
2023-02-19 16:00:26,452 [INFO ] step_definitions.common_step_definition [main] Instantiation the commonutils
2023-02-19 16:00:26,453 [INFO ] step_definitions.common_step_definition [main] Launch Browser
2023-02-19 16:00:27,413 [INFO ] step_definitions.Linkedlist_stepdef [main] User logged in to sucessfully
2023-02-19 16:00:27,575 [INFO ] step_definitions.Linkedlist_stepdef [main] User clicked Introduction Page in LL
2023-02-19 16:00:28,638 [INFO ] step_definitions.common_step_definition [main] Instantiation the commonutils
2023-02-19 16:00:28,639 [INFO ] step_definitions.common_step_definition [main] Launch Browser
2023-02-19 16:00:31,629 [INFO ] step_definitions.Linkedlist_stepdef [main] User logged in to sucessfully
2023-02-19 16:00:31,845 [INFO ] step_definitions.Linkedlist_stepdef [main] User clicked Creating Linked List
2023-02-19 16:00:31,871 [INFO ] step_definitions.common_step_definition [main] Instantiation the commonutils
2023-02-19 16:00:31,872 [INFO ] step_definitions.common_step_definition [main] Launch Browser
2023-02-19 16:00:32,747 [INFO ] step_definitions.Linkedlist_stepdef [main] User logged in sucessfully
2023-02-19 16:00:32,930 [INFO ] step_definitions.Linkedlist_stepdef [main] User clicked creating linkedlist List
2023-02-19 16:00:33,949 [INFO ] step_definitions.common_step_definition [main] Instantiation the commonutils
2023-02-19 16:00:33,950 [INFO ] step_definitions.common_step_definition [main] Launch Browser
2023-02-19 16:00:36,931 [INFO ] step_definitions.Linkedlist_stepdef [main] User logged in to sucessfully
2023-02-19 16:00:37,317 [INFO ] step_definitions.Linkedlist_stepdef [main] User clicked Types of Linked List 
2023-02-19 16:00:37,339 [INFO ] step_definitions.common_step_definition [main] Instantiation the commonutils
2023-02-19 16:00:37,339 [INFO ] step_definitions.common_step_definition [main] Launch Browser
2023-02-19 16:00:38,216 [INFO ] step_definitions.Linkedlist_stepdef [main] User logged in sucessfully
2023-02-19 16:00:38,465 [INFO ] step_definitions.Linkedlist_stepdef [main] User clicked  Types of Linked List page  link
2023-02-19 16:00:39,439 [INFO ] step_definitions.common_step_definition [main] Instantiation the commonutils
2023-02-19 16:00:39,439 [INFO ] step_definitions.common_step_definition [main] Launch Browser
2023-02-19 16:00:42,346 [INFO ] step_definitions.Linkedlist_stepdef [main] User logged in to sucessfully
2023-02-19 16:00:42,572 [INFO ] step_definitions.Linkedlist_stepdef [main] User clicked Implement Linked List in Python
2023-02-19 16:00:42,595 [INFO ] step_definitions.common_step_definition [main] Instantiation the commonutils
2023-02-19 16:00:42,596 [INFO ] step_definitions.common_step_definition [main] Launch Browser
2023-02-19 16:00:43,466 [INFO ] step_definitions.Linkedlist_stepdef [main] User logged in sucessfully
2023-02-19 16:00:43,640 [INFO ] step_definitions.Linkedlist_stepdef [main] User clicked implement Linked List in Python page link
2023-02-19 16:00:44,529 [INFO ] step_definitions.common_step_definition [main] Instantiation the commonutils
2023-02-19 16:00:44,530 [INFO ] step_definitions.common_step_definition [main] Launch Browser
2023-02-19 16:00:47,595 [INFO ] step_definitions.Linkedlist_stepdef [main] User logged in to sucessfully
2023-02-19 16:00:47,804 [INFO ] step_definitions.Linkedlist_stepdef [main] User clicked Traversal
2023-02-19 16:00:47,825 [INFO ] step_definitions.common_step_definition [main] Instantiation the commonutils
2023-02-19 16:00:47,826 [INFO ] step_definitions.common_step_definition [main] Launch Browser
2023-02-19 16:00:48,678 [INFO ] step_definitions.Linkedlist_stepdef [main] User logged in sucessfully
2023-02-19 16:00:48,885 [INFO ] step_definitions.Linkedlist_stepdef [main] User clicked Traversal  page link
2023-02-19 16:00:49,813 [INFO ] step_definitions.common_step_definition [main] Instantiation the commonutils
2023-02-19 16:00:49,814 [INFO ] step_definitions.common_step_definition [main] Launch Browser
2023-02-19 16:00:52,724 [INFO ] step_definitions.Linkedlist_stepdef [main] User logged in to sucessfully
2023-02-19 16:00:53,121 [INFO ] step_definitions.Linkedlist_stepdef [main] User clicked Insertion
2023-02-19 16:00:53,142 [INFO ] step_definitions.common_step_definition [main] Instantiation the commonutils
2023-02-19 16:00:53,142 [INFO ] step_definitions.common_step_definition [main] Launch Browser
2023-02-19 16:00:54,060 [INFO ] step_definitions.Linkedlist_stepdef [main] User logged in sucessfully
2023-02-19 16:00:54,233 [INFO ] step_definitions.Linkedlist_stepdef [main] User clicked Insertion  page link
2023-02-19 16:00:55,145 [INFO ] step_definitions.common_step_definition [main] Instantiation the commonutils
2023-02-19 16:00:55,146 [INFO ] step_definitions.common_step_definition [main] Launch Browser
2023-02-19 16:00:56,019 [INFO ] step_definitions.Linkedlist_stepdef [main] User logged in sucessfully
2023-02-19 16:00:56,196 [INFO ] step_definitions.Linkedlist_stepdef [main] User clicked Insertion  page link
2023-02-19 16:00:56,549 [INFO ] step_definitions.Linkedlist_stepdef [main] User clicked Deletion
2023-02-19 16:00:56,568 [INFO ] step_definitions.common_step_definition [main] Instantiation the commonutils
2023-02-19 16:00:56,568 [INFO ] step_definitions.common_step_definition [main] Launch Browser
2023-02-19 16:00:57,518 [INFO ] step_definitions.Linkedlist_stepdef [main] User logged in sucessfully
2023-02-19 16:00:57,728 [INFO ] step_definitions.Linkedlist_stepdef [main] User clicked Deletion  page link
2023-02-19 16:00:58,427 [INFO ] step_definitions.Linkedlist_stepdef [main] send text to editor print('dsalgo project test')
2023-02-19 16:00:58,445 [INFO ] step_definitions.Linkedlist_stepdef [main] Arraylist count :3
2023-02-19 16:00:58,854 [INFO ] step_definitions.common_step_definition [main] Instantiation the commonutils
2023-02-19 16:00:58,854 [INFO ] step_definitions.common_step_definition [main] Launch Browser
2023-02-19 16:01:02,834 [INFO ] step_definitions.Stack_stepdef [main] The user is in Stack page
2023-02-19 16:01:02,844 [INFO ] step_definitions.common_step_definition [main] Instantiation the commonutils
2023-02-19 16:01:02,845 [INFO ] step_definitions.common_step_definition [main] Launch Browser
2023-02-19 16:01:03,863 [INFO ] step_definitions.Stack_stepdef [main] The user is in Stack page
2023-02-19 16:01:03,863 [INFO ] step_definitions.Stack_stepdef [main] Title of current page is : Stack
2023-02-19 16:01:04,101 [INFO ] step_definitions.Stack_stepdef [main] The user should redirected to operations in stack page
2023-02-19 16:01:04,108 [INFO ] step_definitions.common_step_definition [main] Instantiation the commonutils
2023-02-19 16:01:04,108 [INFO ] step_definitions.common_step_definition [main] Launch Browser
2023-02-19 16:01:05,118 [INFO ] step_definitions.Stack_stepdef [main] Title of current page is : Operations in Stack
2023-02-19 16:01:05,352 [INFO ] step_definitions.Stack_stepdef [main] The user is in the tryeditor page
2023-02-19 16:01:06,374 [INFO ] step_definitions.Stack_stepdef [main] Title of current page is :Assessment
2023-02-19 16:01:09,398 [INFO ] step_definitions.Stack_stepdef [main] Arraylist count :3
2023-02-19 16:01:09,559 [INFO ] step_definitions.Stack_stepdef [main] Actual result  :hello
2023-02-19 16:01:09,569 [INFO ] step_definitions.common_step_definition [main] Instantiation the commonutils
2023-02-19 16:01:09,569 [INFO ] step_definitions.common_step_definition [main] Launch Browser
2023-02-19 16:01:11,901 [INFO ] step_definitions.Stack_stepdef [main] Arraylist count :3
2023-02-19 16:01:12,023 [INFO ] step_definitions.Stack_stepdef [main] Invalid code when clicked on run button
2023-02-19 16:01:14,058 [INFO ] step_definitions.Stack_stepdef [main] Error message for invalid python code isNameError: name 'hello' is not defined on line 1
2023-02-19 16:01:14,077 [INFO ] step_definitions.common_step_definition [main] Instantiation the commonutils
2023-02-19 16:01:14,077 [INFO ] step_definitions.common_step_definition [main] Launch Browser
2023-02-19 16:01:16,440 [INFO ] step_definitions.Stack_stepdef [main] The user is in the Implementation page
2023-02-19 16:01:16,450 [INFO ] step_definitions.common_step_definition [main] Instantiation the commonutils
2023-02-19 16:01:16,451 [INFO ] step_definitions.common_step_definition [main] Launch Browser
2023-02-19 16:01:17,467 [INFO ] step_definitions.Stack_stepdef [main] Title of current page is : Implementation
2023-02-19 16:01:18,828 [INFO ] step_definitions.Stack_stepdef [main] Title of current page is :Assessment
2023-02-19 16:01:18,844 [INFO ] step_definitions.Stack_stepdef [main] Arraylist count :3
2023-02-19 16:01:19,005 [INFO ] step_definitions.Stack_stepdef [main] Actual result  :hello
2023-02-19 16:01:19,012 [INFO ] step_definitions.common_step_definition [main] Instantiation the commonutils
2023-02-19 16:01:19,013 [INFO ] step_definitions.common_step_definition [main] Launch Browser
2023-02-19 16:01:21,221 [INFO ] step_definitions.Stack_stepdef [main] Arraylist count :3
2023-02-19 16:01:21,348 [INFO ] step_definitions.Stack_stepdef [main] Invalid code when clicked on run button
2023-02-19 16:01:23,361 [INFO ] step_definitions.Stack_stepdef [main] Error message for invalid python code isNameError: name 'hello' is not defined on line 1
2023-02-19 16:01:23,374 [INFO ] step_definitions.common_step_definition [main] Instantiation the commonutils
2023-02-19 16:01:23,374 [INFO ] step_definitions.common_step_definition [main] Launch Browser
2023-02-19 16:01:25,697 [INFO ] step_definitions.Stack_stepdef [main] The user is on the applications page
2023-02-19 16:01:25,707 [INFO ] step_definitions.common_step_definition [main] Instantiation the commonutils
2023-02-19 16:01:25,707 [INFO ] step_definitions.common_step_definition [main] Launch Browser
2023-02-19 16:01:26,740 [INFO ] step_definitions.Stack_stepdef [main] Title of current page is : Applications
2023-02-19 16:01:28,119 [INFO ] step_definitions.Stack_stepdef [main] Title of current page is :Assessment
2023-02-19 16:01:28,136 [INFO ] step_definitions.Stack_stepdef [main] Arraylist count :3
2023-02-19 16:01:28,296 [INFO ] step_definitions.Stack_stepdef [main] Actual result  :hello
2023-02-19 16:01:28,302 [INFO ] step_definitions.common_step_definition [main] Instantiation the commonutils
2023-02-19 16:01:28,302 [INFO ] step_definitions.common_step_definition [main] Launch Browser
2023-02-19 16:01:30,505 [INFO ] step_definitions.Stack_stepdef [main] Arraylist count :3
2023-02-19 16:01:30,628 [INFO ] step_definitions.Stack_stepdef [main] Invalid code when clicked on run button
2023-02-19 16:01:32,642 [INFO ] step_definitions.Stack_stepdef [main] Error message for invalid python code isNameError: name 'hello' is not defined on line 1
2023-02-19 16:01:32,656 [INFO ] step_definitions.common_step_definition [main] Instantiation the commonutils
2023-02-19 16:01:32,656 [INFO ] step_definitions.common_step_definition [main] Launch Browser
2023-02-19 16:01:33,013 [INFO ] step_definitions.Stack_stepdef [main] The user is in the practice questions page
2023-02-19 16:01:33,025 [INFO ] step_definitions.common_step_definition [main] Instantiation the commonutils
2023-02-19 16:01:33,026 [INFO ] step_definitions.common_step_definition [main] Launch Browser
2023-02-19 16:01:36,047 [INFO ] step_definitions.common_step_definition [main] Instantiation the commonutils
2023-02-19 16:01:36,047 [INFO ] step_definitions.common_step_definition [main] Launch Browser
2023-02-19 16:01:36,053 [INFO ] step_definitions.Queue_stepdef [main] Title of current page is : Queue
2023-02-19 16:01:37,382 [INFO ] step_definitions.common_step_definition [main] Instantiation the commonutils
2023-02-19 16:01:37,382 [INFO ] step_definitions.common_step_definition [main] Launch Browser
2023-02-19 16:01:37,388 [INFO ] step_definitions.Queue_stepdef [main] Title of current page is :Implementation of Queue in Python
2023-02-19 16:01:38,690 [INFO ] step_definitions.Queue_stepdef [main] Title of current page is :Assessment
2023-02-19 16:01:38,727 [INFO ] step_definitions.Queue_stepdef [main] Arraylist count :3
2023-02-19 16:01:38,893 [INFO ] step_definitions.Queue_stepdef [main] Actual result  :hello
2023-02-19 16:01:38,902 [INFO ] step_definitions.common_step_definition [main] Instantiation the commonutils
2023-02-19 16:01:38,902 [INFO ] step_definitions.common_step_definition [main] Launch Browser
2023-02-19 16:01:39,093 [INFO ] step_definitions.Queue_stepdef [main] Arraylist count invalid :3
2023-02-19 16:01:39,198 [INFO ] step_definitions.Queue_stepdef [main] Invalid code when clicked on run button
2023-02-19 16:01:41,219 [INFO ] step_definitions.Queue_stepdef [main] Error message for invalid python code isNameError: name 'hello' is not defined on line 1
2023-02-19 16:01:41,228 [INFO ] step_definitions.common_step_definition [main] Instantiation the commonutils
2023-02-19 16:01:41,228 [INFO ] step_definitions.common_step_definition [main] Launch Browser
2023-02-19 16:01:43,584 [INFO ] step_definitions.common_step_definition [main] Instantiation the commonutils
2023-02-19 16:01:43,585 [INFO ] step_definitions.common_step_definition [main] Launch Browser
2023-02-19 16:01:43,592 [INFO ] step_definitions.Queue_stepdef [main] Title of current page is Implementation using collections.deque
2023-02-19 16:01:44,806 [INFO ] step_definitions.Queue_stepdef [main] Title of current page is :Assessment
2023-02-19 16:01:44,819 [INFO ] step_definitions.Queue_stepdef [main] Arraylist count :3
2023-02-19 16:01:44,952 [INFO ] step_definitions.Queue_stepdef [main] Actual result  :hello
2023-02-19 16:01:44,964 [INFO ] step_definitions.common_step_definition [main] Instantiation the commonutils
2023-02-19 16:01:44,964 [INFO ] step_definitions.common_step_definition [main] Launch Browser
2023-02-19 16:01:45,150 [INFO ] step_definitions.Queue_stepdef [main] Arraylist count invalid :3
2023-02-19 16:01:45,244 [INFO ] step_definitions.Queue_stepdef [main] Invalid code when clicked on run button
2023-02-19 16:01:47,273 [INFO ] step_definitions.Queue_stepdef [main] Error message for invalid python code isNameError: name 'hello' is not defined on line 1
2023-02-19 16:01:47,288 [INFO ] step_definitions.common_step_definition [main] Instantiation the commonutils
2023-02-19 16:01:47,288 [INFO ] step_definitions.common_step_definition [main] Launch Browser
2023-02-19 16:01:49,705 [INFO ] step_definitions.common_step_definition [main] Instantiation the commonutils
2023-02-19 16:01:49,705 [INFO ] step_definitions.common_step_definition [main] Launch Browser
2023-02-19 16:01:49,715 [INFO ] step_definitions.Queue_stepdef [main] Title of current page is Implementation using array
2023-02-19 16:01:51,005 [INFO ] step_definitions.Queue_stepdef [main] Title of current page is :Assessment
2023-02-19 16:01:51,029 [INFO ] step_definitions.Queue_stepdef [main] Arraylist count :3
2023-02-19 16:01:51,164 [INFO ] step_definitions.Queue_stepdef [main] Actual result  :hello
2023-02-19 16:01:51,176 [INFO ] step_definitions.common_step_definition [main] Instantiation the commonutils
2023-02-19 16:01:51,176 [INFO ] step_definitions.common_step_definition [main] Launch Browser
2023-02-19 16:01:51,358 [INFO ] step_definitions.Queue_stepdef [main] Arraylist count invalid :3
2023-02-19 16:01:51,453 [INFO ] step_definitions.Queue_stepdef [main] Invalid code when clicked on run button
2023-02-19 16:01:53,482 [INFO ] step_definitions.Queue_stepdef [main] Error message for invalid python code isNameError: name 'hello' is not defined on line 1
2023-02-19 16:01:53,503 [INFO ] step_definitions.common_step_definition [main] Instantiation the commonutils
2023-02-19 16:01:53,503 [INFO ] step_definitions.common_step_definition [main] Launch Browser
2023-02-19 16:01:55,864 [INFO ] step_definitions.common_step_definition [main] Instantiation the commonutils
2023-02-19 16:01:55,865 [INFO ] step_definitions.common_step_definition [main] Launch Browser
2023-02-19 16:01:55,873 [INFO ] step_definitions.Queue_stepdef [main] Title of current page is Queue Operations
2023-02-19 16:01:57,099 [INFO ] step_definitions.Queue_stepdef [main] Title of current page is :Assessment
2023-02-19 16:01:57,114 [INFO ] step_definitions.Queue_stepdef [main] Arraylist count :3
2023-02-19 16:01:57,253 [INFO ] step_definitions.Queue_stepdef [main] Actual result  :hello
2023-02-19 16:01:57,260 [INFO ] step_definitions.common_step_definition [main] Instantiation the commonutils
2023-02-19 16:01:57,261 [INFO ] step_definitions.common_step_definition [main] Launch Browser
2023-02-19 16:01:57,573 [INFO ] step_definitions.Queue_stepdef [main] Arraylist count invalid :3
2023-02-19 16:01:57,679 [INFO ] step_definitions.Queue_stepdef [main] Invalid code when clicked on run button
2023-02-19 16:01:59,712 [INFO ] step_definitions.Queue_stepdef [main] Error message for invalid python code isNameError: name 'hello' is not defined on line 1
2023-02-19 16:01:59,727 [INFO ] step_definitions.common_step_definition [main] Instantiation the commonutils
2023-02-19 16:01:59,727 [INFO ] step_definitions.common_step_definition [main] Launch Browser
2023-02-19 16:02:00,031 [INFO ] step_definitions.Queue_stepdef [main] User is in Practice Questions
2023-02-19 16:02:00,044 [INFO ] step_definitions.common_step_definition [main] Instantiation the commonutils
2023-02-19 16:02:00,044 [INFO ] step_definitions.common_step_definition [main] Launch Browser
2023-02-19 16:02:04,101 [INFO ] step_definitions.common_step_definition [main] Instantiation the commonutils
2023-02-19 16:02:04,102 [INFO ] step_definitions.common_step_definition [main] Launch Browser
2023-02-19 16:02:04,108 [INFO ] step_definitions.Graph_stepdef [main] Title of current page is : Graph
2023-02-19 16:02:06,367 [INFO ] step_definitions.common_step_definition [main] Instantiation the commonutils
2023-02-19 16:02:06,367 [INFO ] step_definitions.common_step_definition [main] Launch Browser
2023-02-19 16:02:06,376 [INFO ] step_definitions.Graph_stepdef [main] Title of current page is :Graph
2023-02-19 16:02:08,746 [INFO ] step_definitions.Graph_stepdef [main] Title of current page is :Assessment
2023-02-19 16:02:08,769 [INFO ] step_definitions.Graph_stepdef [main] Arraylist count :3
2023-02-19 16:02:08,919 [INFO ] step_definitions.Graph_stepdef [main] Actual result  :hello
2023-02-19 16:02:08,929 [INFO ] step_definitions.common_step_definition [main] Instantiation the commonutils
2023-02-19 16:02:08,929 [INFO ] step_definitions.common_step_definition [main] Launch Browser
2023-02-19 16:02:09,120 [INFO ] step_definitions.Graph_stepdef [main] Arraylist count invalid :3
2023-02-19 16:02:09,215 [INFO ] step_definitions.Graph_stepdef [main] Invalid code when clicked on run button
2023-02-19 16:02:11,243 [INFO ] step_definitions.Graph_stepdef [main] Error message for invalid python code isNameError: name 'hello' is not defined on line 1
2023-02-19 16:02:11,256 [INFO ] step_definitions.common_step_definition [main] Instantiation the commonutils
2023-02-19 16:02:11,256 [INFO ] step_definitions.common_step_definition [main] Launch Browser
2023-02-19 16:02:13,673 [INFO ] step_definitions.common_step_definition [main] Instantiation the commonutils
2023-02-19 16:02:13,673 [INFO ] step_definitions.common_step_definition [main] Launch Browser
2023-02-19 16:02:13,813 [INFO ] step_definitions.Graph_stepdef [main] Title of current page is Graph Representations
2023-02-19 16:02:16,078 [INFO ] step_definitions.Graph_stepdef [main] Title of current page is :Assessment
2023-02-19 16:02:16,090 [INFO ] step_definitions.Graph_stepdef [main] Arraylist count :3
2023-02-19 16:02:17,237 [INFO ] step_definitions.Graph_stepdef [main] Actual result  :hello
2023-02-19 16:02:17,244 [INFO ] step_definitions.common_step_definition [main] Instantiation the commonutils
2023-02-19 16:02:17,244 [INFO ] step_definitions.common_step_definition [main] Launch Browser
2023-02-19 16:02:17,539 [INFO ] step_definitions.Graph_stepdef [main] Arraylist count invalid :3
2023-02-19 16:02:17,628 [INFO ] step_definitions.Graph_stepdef [main] Invalid code when clicked on run button
2023-02-19 16:02:19,652 [INFO ] step_definitions.Graph_stepdef [main] Error message for invalid python code isNameError: name 'hello' is not defined on line 1
2023-02-19 16:02:19,669 [INFO ] step_definitions.common_step_definition [main] Instantiation the commonutils
2023-02-19 16:02:19,669 [INFO ] step_definitions.common_step_definition [main] Launch Browser
2023-02-19 16:02:19,943 [INFO ] step_definitions.Graph_stepdef [main] User is in Practice Questions
